# JRE version: OpenJDK Runtime Environment Temurin-17.0.2+8 (17.0.2+8) (build 17.0.2+8)
# Java VM: OpenJDK 64-Bit Server VM Temurin-17.0.2+8 (17.0.2+8, mixed mode, tiered, compressed oops, compressed class ptrs, g1 gc, windows-amd64)
GC Precious Log:
 CPUs: 8 total, 8 available
 Memory: 8035M
 Large Page Support: Disabled
 NUMA Support: Disabled
 Compressed Oops: Enabled (32-bit)
 Heap Region Size: 1M
 Heap Min Capacity: 8M
 Heap Initial Capacity: 126M
 Heap Max Capacity: 2010M
 Pre-touch: Disabled
 Parallel Workers: 8
 Concurrent Workers: 2
 Concurrent Refinement Workers: 8
 Periodic GC: Disabled
Heap:
 garbage-first heap   total 229376K, used 139746K [0x0000000082600000, 0x0000000100000000)
  region size 1024K, 10 young (10240K), 6 survivors (6144K)
 Metaspace       used 33804K, committed 34112K, reserved 1081344K
  class space    used 3529K, committed 3712K, reserved 1048576K
GC Heap History (20 events):
Event: 8.492 GC heap before
{Heap before GC invocations=16 (full 0):
 garbage-first heap   total 135168K, used 103122K [0x0000000082600000, 0x0000000100000000)
  region size 1024K, 36 young (36864K), 6 survivors (6144K)
 Metaspace       used 25204K, committed 25472K, reserved 1073152K
  class space    used 2533K, committed 2688K, reserved 1048576K
}
Event: 8.501 GC heap after
{Heap after GC invocations=17 (full 0):
 garbage-first heap   total 135168K, used 78364K [0x0000000082600000, 0x0000000100000000)
  region size 1024K, 5 young (5120K), 5 survivors (5120K)
 Metaspace       used 25204K, committed 25472K, reserved 1073152K
  class space    used 2533K, committed 2688K, reserved 1048576K
}
Event: 8.623 GC heap before
{Heap before GC invocations=17 (full 0):
 garbage-first heap   total 165888K, used 98844K [0x0000000082600000, 0x0000000100000000)
  region size 1024K, 30 young (30720K), 5 survivors (5120K)
 Metaspace       used 25222K, committed 25472K, reserved 1073152K
  class space    used 2533K, committed 2688K, reserved 1048576K
}
Event: 8.632 GC heap after
{Heap after GC invocations=18 (full 0):
 garbage-first heap   total 165888K, used 79386K [0x0000000082600000, 0x0000000100000000)
  region size 1024K, 4 young (4096K), 4 survivors (4096K)
 Metaspace       used 25222K, committed 25472K, reserved 1073152K
  class space    used 2533K, committed 2688K, reserved 1048576K
}
Event: 9.890 GC heap before
{Heap before GC invocations=19 (full 0):
 garbage-first heap   total 165888K, used 125466K [0x0000000082600000, 0x0000000100000000)
  region size 1024K, 48 young (49152K), 4 survivors (4096K)
 Metaspace       used 25711K, committed 25920K, reserved 1073152K
  class space    used 2582K, committed 2688K, reserved 1048576K
}
Event: 9.901 GC heap after
{Heap after GC invocations=20 (full 0):
 garbage-first heap   total 165888K, used 93906K [0x0000000082600000, 0x0000000100000000)
  region size 1024K, 6 young (6144K), 6 survivors (6144K)
 Metaspace       used 25711K, committed 25920K, reserved 1073152K
  class space    used 2582K, committed 2688K, reserved 1048576K
}
Event: 10.058 GC heap before
{Heap before GC invocations=20 (full 0):
 garbage-first heap   total 165888K, used 94930K [0x0000000082600000, 0x0000000100000000)
  region size 1024K, 8 young (8192K), 6 survivors (6144K)
 Metaspace       used 25719K, committed 25920K, reserved 1073152K
  class space    used 2582K, committed 2688K, reserved 1048576K
}
Event: 10.064 GC heap after
{Heap after GC invocations=21 (full 0):
 garbage-first heap   total 165888K, used 95954K [0x0000000082600000, 0x0000000100000000)
  region size 1024K, 1 young (1024K), 1 survivors (1024K)
 Metaspace       used 25719K, committed 25920K, reserved 1073152K
  class space    used 2582K, committed 2688K, reserved 1048576K
}
Event: 10.068 GC heap before
{Heap before GC invocations=21 (full 0):
 garbage-first heap   total 165888K, used 95954K [0x0000000082600000, 0x0000000100000000)
  region size 1024K, 2 young (2048K), 1 survivors (1024K)
 Metaspace       used 25719K, committed 25920K, reserved 1073152K
  class space    used 2582K, committed 2688K, reserved 1048576K
}
Event: 10.071 GC heap after
{Heap after GC invocations=22 (full 0):
 garbage-first heap   total 229376K, used 95954K [0x0000000082600000, 0x0000000100000000)
  region size 1024K, 1 young (1024K), 1 survivors (1024K)
 Metaspace       used 25719K, committed 25920K, reserved 1073152K
  class space    used 2582K, committed 2688K, reserved 1048576K
}
Event: 10.443 GC heap before
{Heap before GC invocations=22 (full 0):
 garbage-first heap   total 229376K, used 159442K [0x0000000082600000, 0x0000000100000000)
  region size 1024K, 60 young (61440K), 1 survivors (1024K)
 Metaspace       used 26050K, committed 26304K, reserved 1073152K
  class space    used 2612K, committed 2752K, reserved 1048576K
}
Event: 10.459 GC heap after
{Heap after GC invocations=23 (full 0):
 garbage-first heap   total 229376K, used 115730K [0x0000000082600000, 0x0000000100000000)
  region size 1024K, 8 young (8192K), 8 survivors (8192K)
 Metaspace       used 26050K, committed 26304K, reserved 1073152K
  class space    used 2612K, committed 2752K, reserved 1048576K
}
Event: 10.469 GC heap before
{Heap before GC invocations=23 (full 0):
 garbage-first heap   total 229376K, used 116754K [0x0000000082600000, 0x0000000100000000)
  region size 1024K, 10 young (10240K), 8 survivors (8192K)
 Metaspace       used 26050K, committed 26304K, reserved 1073152K
  class space    used 2612K, committed 2752K, reserved 1048576K
}
Event: 10.478 GC heap after
{Heap after GC invocations=24 (full 0):
 garbage-first heap   total 229376K, used 117932K [0x0000000082600000, 0x0000000100000000)
  region size 1024K, 2 young (2048K), 2 survivors (2048K)
 Metaspace       used 26050K, committed 26304K, reserved 1073152K
  class space    used 2612K, committed 2752K, reserved 1048576K
}
Event: 12.114 GC heap before
{Heap before GC invocations=25 (full 0):
 garbage-first heap   total 229376K, used 152748K [0x0000000082600000, 0x0000000100000000)
  region size 1024K, 35 young (35840K), 2 survivors (2048K)
 Metaspace       used 26992K, committed 27328K, reserved 1081344K
  class space    used 2702K, committed 2880K, reserved 1048576K
}
Event: 12.119 GC heap after
{Heap after GC invocations=26 (full 0):
 garbage-first heap   total 229376K, used 120873K [0x0000000082600000, 0x0000000100000000)
  region size 1024K, 4 young (4096K), 4 survivors (4096K)
 Metaspace       used 26992K, committed 27328K, reserved 1081344K
  class space    used 2702K, committed 2880K, reserved 1048576K
}
Event: 12.399 GC heap before
{Heap before GC invocations=26 (full 0):
 garbage-first heap   total 229376K, used 129065K [0x0000000082600000, 0x0000000100000000)
  region size 1024K, 11 young (11264K), 4 survivors (4096K)
 Metaspace       used 28047K, committed 28352K, reserved 1081344K
  class space    used 2848K, committed 3008K, reserved 1048576K
}
Event: 12.404 GC heap after
{Heap after GC invocations=27 (full 0):
 garbage-first heap   total 229376K, used 120038K [0x0000000082600000, 0x0000000100000000)
  region size 1024K, 1 young (1024K), 1 survivors (1024K)
 Metaspace       used 28047K, committed 28352K, reserved 1081344K
  class space    used 2848K, committed 3008K, reserved 1048576K
}
Event: 12.565 GC heap before
{Heap before GC invocations=27 (full 0):
 garbage-first heap   total 229376K, used 122086K [0x0000000082600000, 0x0000000100000000)
  region size 1024K, 4 young (4096K), 1 survivors (1024K)
 Metaspace       used 28053K, committed 28352K, reserved 1081344K
  class space    used 2848K, committed 3008K, reserved 1048576K
}
Event: 12.566 GC heap after
{Heap after GC invocations=28 (full 0):
 garbage-first heap   total 229376K, used 119822K [0x0000000082600000, 0x0000000100000000)
  region size 1024K, 1 young (1024K), 1 survivors (1024K)
 Metaspace       used 28053K, committed 28352K, reserved 1081344K
  class space    used 2848K, committed 3008K, reserved 1048576K
}

