# JRE version: OpenJDK Runtime Environment Temurin-17.0.2+8 (17.0.2+8) (build 17.0.2+8)
# Java VM: OpenJDK 64-Bit Server VM Temurin-17.0.2+8 (17.0.2+8, mixed mode, tiered, compressed oops, compressed class ptrs, g1 gc, windows-amd64)
GC Precious Log:
 CPUs: 8 total, 8 available
 Memory: 8035M
 Large Page Support: Disabled
 NUMA Support: Disabled
 Compressed Oops: Enabled (32-bit)
 Heap Region Size: 1M
 Heap Min Capacity: 8M
 Heap Initial Capacity: 126M
 Heap Max Capacity: 2010M
 Pre-touch: Disabled
 Parallel Workers: 8
 Concurrent Workers: 2
 Concurrent Refinement Workers: 8
 Periodic GC: Disabled
Heap:
 garbage-first heap   total 174080K, used 107777K [0x0000000082600000, 0x0000000100000000)
  region size 1024K, 1 young (1024K), 1 survivors (1024K)
 Metaspace       used 26011K, committed 26304K, reserved 1073152K
  class space    used 2612K, committed 2752K, reserved 1048576K
GC Heap History (20 events):
Event: 6.333 GC heap after
{Heap after GC invocations=14 (full 0):
 garbage-first heap   total 133120K, used 55605K [0x0000000082600000, 0x0000000100000000)
  region size 1024K, 6 young (6144K), 6 survivors (6144K)
 Metaspace       used 23828K, committed 24128K, reserved 1073152K
  class space    used 2407K, committed 2560K, reserved 1048576K
}
Event: 7.465 GC heap before
{Heap before GC invocations=14 (full 0):
 garbage-first heap   total 133120K, used 100661K [0x0000000082600000, 0x0000000100000000)
  region size 1024K, 47 young (48128K), 6 survivors (6144K)
 Metaspace       used 25159K, committed 25408K, reserved 1073152K
  class space    used 2534K, committed 2688K, reserved 1048576K
}
Event: 7.476 GC heap after
{Heap after GC invocations=15 (full 0):
 garbage-first heap   total 133120K, used 65403K [0x0000000082600000, 0x0000000100000000)
  region size 1024K, 6 young (6144K), 6 survivors (6144K)
 Metaspace       used 25159K, committed 25408K, reserved 1073152K
  class space    used 2534K, committed 2688K, reserved 1048576K
}
Event: 7.626 GC heap before
{Heap before GC invocations=15 (full 0):
 garbage-first heap   total 133120K, used 100219K [0x0000000082600000, 0x0000000100000000)
  region size 1024K, 40 young (40960K), 6 survivors (6144K)
 Metaspace       used 25199K, committed 25472K, reserved 1073152K
  class space    used 2534K, committed 2688K, reserved 1048576K
}
Event: 7.634 GC heap after
{Heap after GC invocations=16 (full 0):
 garbage-first heap   total 133120K, used 70272K [0x0000000082600000, 0x0000000100000000)
  region size 1024K, 5 young (5120K), 5 survivors (5120K)
 Metaspace       used 25199K, committed 25472K, reserved 1073152K
  class space    used 2534K, committed 2688K, reserved 1048576K
}
Event: 7.783 GC heap before
{Heap before GC invocations=17 (full 0):
 garbage-first heap   total 147456K, used 98944K [0x0000000082600000, 0x0000000100000000)
  region size 1024K, 35 young (35840K), 5 survivors (5120K)
 Metaspace       used 25211K, committed 25472K, reserved 1073152K
  class space    used 2534K, committed 2688K, reserved 1048576K
}
Event: 7.790 GC heap after
{Heap after GC invocations=18 (full 0):
 garbage-first heap   total 147456K, used 73799K [0x0000000082600000, 0x0000000100000000)
  region size 1024K, 5 young (5120K), 5 survivors (5120K)
 Metaspace       used 25211K, committed 25472K, reserved 1073152K
  class space    used 2534K, committed 2688K, reserved 1048576K
}
Event: 7.795 GC heap before
{Heap before GC invocations=18 (full 0):
 garbage-first heap   total 147456K, used 75847K [0x0000000082600000, 0x0000000100000000)
  region size 1024K, 7 young (7168K), 5 survivors (5120K)
 Metaspace       used 25211K, committed 25472K, reserved 1073152K
  class space    used 2534K, committed 2688K, reserved 1048576K
}
Event: 7.799 GC heap after
{Heap after GC invocations=19 (full 0):
 garbage-first heap   total 147456K, used 73740K [0x0000000082600000, 0x0000000100000000)
  region size 1024K, 1 young (1024K), 1 survivors (1024K)
 Metaspace       used 25211K, committed 25472K, reserved 1073152K
  class space    used 2534K, committed 2688K, reserved 1048576K
}
Event: 7.954 GC heap before
{Heap before GC invocations=19 (full 0):
 garbage-first heap   total 147456K, used 110604K [0x0000000082600000, 0x0000000100000000)
  region size 1024K, 37 young (37888K), 1 survivors (1024K)
 Metaspace       used 25218K, committed 25472K, reserved 1073152K
  class space    used 2534K, committed 2688K, reserved 1048576K
}
Event: 7.961 GC heap after
{Heap after GC invocations=20 (full 0):
 garbage-first heap   total 147456K, used 81524K [0x0000000082600000, 0x0000000100000000)
  region size 1024K, 5 young (5120K), 5 survivors (5120K)
 Metaspace       used 25218K, committed 25472K, reserved 1073152K
  class space    used 2534K, committed 2688K, reserved 1048576K
}
Event: 8.376 GC heap before
{Heap before GC invocations=21 (full 0):
 garbage-first heap   total 174080K, used 111220K [0x0000000082600000, 0x0000000100000000)
  region size 1024K, 34 young (34816K), 5 survivors (5120K)
 Metaspace       used 25522K, committed 25728K, reserved 1073152K
  class space    used 2570K, committed 2688K, reserved 1048576K
}
Event: 8.381 GC heap after
{Heap after GC invocations=22 (full 0):
 garbage-first heap   total 174080K, used 84579K [0x0000000082600000, 0x0000000100000000)
  region size 1024K, 3 young (3072K), 3 survivors (3072K)
 Metaspace       used 25522K, committed 25728K, reserved 1073152K
  class space    used 2570K, committed 2688K, reserved 1048576K
}
Event: 8.746 GC heap before
{Heap before GC invocations=22 (full 0):
 garbage-first heap   total 174080K, used 88675K [0x0000000082600000, 0x0000000100000000)
  region size 1024K, 8 young (8192K), 3 survivors (3072K)
 Metaspace       used 25685K, committed 25920K, reserved 1073152K
  class space    used 2582K, committed 2688K, reserved 1048576K
}
Event: 8.751 GC heap after
{Heap after GC invocations=23 (full 0):
 garbage-first heap   total 174080K, used 87147K [0x0000000082600000, 0x0000000100000000)
  region size 1024K, 1 young (1024K), 1 survivors (1024K)
 Metaspace       used 25685K, committed 25920K, reserved 1073152K
  class space    used 2582K, committed 2688K, reserved 1048576K
}
Event: 8.782 GC heap before
{Heap before GC invocations=23 (full 0):
 garbage-first heap   total 174080K, used 87147K [0x0000000082600000, 0x0000000100000000)
  region size 1024K, 2 young (2048K), 1 survivors (1024K)
 Metaspace       used 25688K, committed 25920K, reserved 1073152K
  class space    used 2582K, committed 2688K, reserved 1048576K
}
Event: 8.784 GC heap after
{Heap after GC invocations=24 (full 0):
 garbage-first heap   total 174080K, used 87450K [0x0000000082600000, 0x0000000100000000)
  region size 1024K, 2 young (2048K), 2 survivors (2048K)
 Metaspace       used 25688K, committed 25920K, reserved 1073152K
  class space    used 2582K, committed 2688K, reserved 1048576K
}
Event: 9.486 GC heap before
{Heap before GC invocations=25 (full 0):
 garbage-first heap   total 174080K, used 131482K [0x0000000082600000, 0x0000000100000000)
  region size 1024K, 42 young (43008K), 2 survivors (2048K)
 Metaspace       used 26010K, committed 26304K, reserved 1073152K
  class space    used 2612K, committed 2752K, reserved 1048576K
}
Event: 9.498 GC heap after
{Heap after GC invocations=26 (full 0):
 garbage-first heap   total 174080K, used 107332K [0x0000000082600000, 0x0000000100000000)
  region size 1024K, 6 young (6144K), 6 survivors (6144K)
 Metaspace       used 26010K, committed 26304K, reserved 1073152K
  class space    used 2612K, committed 2752K, reserved 1048576K
}
Event: 9.507 GC heap before
{Heap before GC invocations=26 (full 0):
 garbage-first heap   total 174080K, used 109380K [0x0000000082600000, 0x0000000100000000)
  region size 1024K, 8 young (8192K), 6 survivors (6144K)
 Metaspace       used 26011K, committed 26304K, reserved 1073152K
  class space    used 2612K, committed 2752K, reserved 1048576K
}

